[2013-09-18 05:29:43] START
[2013-09-25 19:02:05] EDIT swaraa/views/default/homepage.html: 0
[2013-09-25 19:02:07] EDIT swaraa/views/default/homepage.html: 0
[2013-09-25 19:02:52] EDIT swaraa/controllers/default.py: 0
[2013-09-25 19:02:59] EDIT swaraa/controllers/default.py: 0
[2013-09-25 19:05:25] EDIT swaraa/views/default/homepage.html: 0
[2013-09-25 19:06:41] EDIT swaraa/controllers/default.py: 1
[2013-09-25 19:07:54] EDIT swaraa/controllers/default.py: 0
[2013-09-25 19:15:07] EDIT swaraa/views/default/homepage.html: 2
[2013-09-25 19:15:39] EDIT swaraa/controllers/default.py: 0
[2013-09-25 19:17:47] EDIT swaraa/controllers/default.py: 1
[2013-09-25 19:17:50] EDIT swaraa/views/default/homepage.html: 0
[2013-09-25 19:17:57] EDIT swaraa/controllers/default.py: 1
[2013-09-25 19:18:16] EDIT swaraa/controllers/default.py: 0
[2013-09-25 19:18:31] EDIT swaraa/controllers/default.py: 0
[2013-09-25 19:18:33] EDIT swaraa/views/default/homepage.html: 0
[2013-09-25 19:19:05] EDIT swaraa/controllers/default.py: 1
[2013-09-25 19:20:09] EDIT swaraa/views/default/homepage.html: 0
[2013-09-25 19:24:36] EDIT swaraa/controllers/default.py: 1
[2013-09-25 19:25:38] EDIT swaraa/views/default/homepage.html: 1
[2013-09-25 19:26:34] EDIT swaraa/views/default/homepage.html: 0
[2013-09-25 19:27:26] EDIT swaraa/controllers/default.py: 0
[2013-09-25 19:28:42] EDIT swaraa/controllers/default.py: 0
[2013-09-25 19:32:14] EDIT swaraa/controllers/default.py: 1
[2013-09-25 19:35:01] EDIT swaraa/controllers/default.py: 1
[2013-09-25 19:38:54] EDIT swaraa/controllers/default.py: 0
[2013-09-25 19:39:45] EDIT swaraa/controllers/default.py: 0
[2013-09-25 19:45:16] EDIT swaraa/controllers/default.py: 0
[2013-09-25 19:46:22] EDIT swaraa/controllers/default.py: 2
[2013-09-25 19:47:09] EDIT swaraa/controllers/default.py: 2
[2013-09-25 19:49:50] EDIT swaraa/controllers/default.py: 2
[2013-09-25 19:49:57] EDIT swaraa/controllers/default.py: 0
[2013-09-25 19:56:22] EDIT swaraa/controllers/default.py: 8
[2013-09-25 20:00:52] EDIT swaraa/views/default/homepage.html: 0
[2013-09-25 20:00:58] EDIT swaraa/views/default/homepage.html: 0
[2013-09-25 20:03:14] EDIT swaraa/views/default/homepage.html: 0
[2013-09-25 20:03:34] EDIT swaraa/views/default/homepage.html: 0
[2013-09-25 20:03:59] EDIT swaraa/views/default/homepage.html: 0
[2013-09-25 20:04:48] EDIT swaraa/controllers/default.py: 0
[2013-09-25 20:04:50] EDIT swaraa/views/default/homepage.html: 0
[2013-09-26 01:08:20] EDIT swaraa/controllers/default.py: -4
[2013-09-26 01:09:52] EDIT swaraa/controllers/default.py: 1
[2013-09-26 01:11:00] EDIT swaraa/controllers/default.py: -8
[2013-09-26 01:12:21] EDIT swaraa/controllers/default.py: 0
[2013-09-26 01:12:38] EDIT swaraa/controllers/default.py: 0
[2013-09-26 01:12:42] EDIT swaraa/views/default/homepage.html: 4
[2013-09-26 01:13:27] EDIT swaraa/views/default/homepage.html: -1
[2013-09-26 01:26:44] EDIT swaraa/controllers/default.py: 10
[2013-09-26 01:28:46] EDIT swaraa/views/default/homepage.html: 2
[2013-09-26 01:29:34] EDIT swaraa/controllers/default.py: 0
[2013-09-26 01:31:53] EDIT swaraa/controllers/default.py: 0
[2013-09-26 01:32:25] EDIT swaraa/controllers/default.py: 0
[2013-09-26 01:32:33] EDIT swaraa/controllers/default.py: 0
[2013-09-26 01:34:55] EDIT swaraa/controllers/default.py: 0
[2013-09-26 01:35:11] EDIT swaraa/views/default/homepage.html: 1
[2013-09-26 01:37:20] EDIT swaraa/views/default/homepage.html: 4
[2013-09-26 01:38:15] EDIT swaraa/views/default/homepage.html: 1
[2013-09-26 01:38:53] EDIT swaraa/views/default/homepage.html: 0
[2013-09-26 01:39:27] EDIT swaraa/views/default/homepage.html: -2
[2013-09-26 01:40:27] EDIT swaraa/views/default/homepage.html: 0
[2013-09-26 01:41:53] EDIT swaraa/views/default/homepage.html: 0
[2013-09-26 01:42:14] EDIT swaraa/views/default/homepage.html: 0
[2013-09-26 01:42:49] EDIT swaraa/views/default/homepage.html: 0
[2013-09-26 01:43:09] EDIT swaraa/controllers/default.py: 0
[2013-09-26 01:43:41] EDIT swaraa/views/default/homepage.html: 0
[2013-09-26 01:44:53] EDIT swaraa/views/default/homepage.html: 0
[2013-09-26 01:45:35] EDIT swaraa/controllers/default.py: 0
[2013-09-26 01:47:03] EDIT swaraa/views/default/homepage.html: 0
[2013-09-26 01:47:37] EDIT swaraa/views/default/homepage.html: 0
[2013-09-26 01:48:36] EDIT swaraa/views/default/homepage.html: 0
[2013-09-26 01:49:42] EDIT swaraa/views/default/homepage.html: 2
[2013-09-26 01:50:51] EDIT swaraa/controllers/default.py: 2
[2013-09-26 01:51:04] EDIT swaraa/controllers/default.py: 0
[2013-09-26 01:51:12] EDIT swaraa/controllers/default.py: 0
[2013-09-26 01:58:12] EDIT swaraa/controllers/default.py: 6
[2013-09-26 01:58:18] EDIT swaraa/controllers/default.py: 0
[2013-09-26 01:58:55] EDIT swaraa/controllers/default.py: 0
[2013-09-26 02:00:02] EDIT swaraa/controllers/default.py: 0
[2013-09-26 02:01:06] EDIT swaraa/controllers/default.py: 0
[2013-09-26 02:01:53] EDIT swaraa/controllers/default.py: 0
[2013-09-26 02:02:25] EDIT swaraa/controllers/default.py: 0
[2013-09-26 02:03:29] EDIT swaraa/controllers/default.py: 0
[2013-09-26 02:04:07] EDIT swaraa/controllers/default.py: 0
[2013-09-26 02:05:17] EDIT swaraa/controllers/default.py: 0
[2013-09-26 02:07:17] EDIT swaraa/views/default/homepage.html: 0
[2013-09-26 02:07:21] EDIT swaraa/controllers/default.py: 0
[2013-09-26 12:08:54] EDIT swaraa/views/default/homepage.html: 0
[2013-09-26 12:09:04] EDIT swaraa/views/default/homepage.html: 0
[2013-09-26 12:09:39] EDIT swaraa/views/default/homepage.html: 0
[2013-09-26 12:23:56] EDIT swaraa/views/default/homepage.html: 13
[2013-09-26 12:24:51] EDIT swaraa/views/default/homepage.html: 8
[2013-09-26 12:26:10] EDIT swaraa/views/default/homepage.html: -4
[2013-09-26 18:11:25] EDIT swaraa/controllers/default.py: 0
[2013-09-26 18:12:59] EDIT swaraa/controllers/default.py: 0
[2013-09-26 18:13:24] EDIT swaraa/controllers/default.py: 0
[2013-09-26 18:13:43] EDIT swaraa/controllers/default.py: 0
[2013-09-26 18:14:04] EDIT swaraa/controllers/default.py: 0
[2013-09-26 18:19:13] EDIT swaraa/controllers/default.py: 0
[2013-09-26 18:20:11] EDIT swaraa/views/default/homepage.html: -2
[2013-09-26 18:26:14] EDIT swaraa/views/default/homepage.html: 0
[2013-09-26 18:26:33] EDIT swaraa/views/default/homepage.html: 0
[2013-09-26 18:26:40] EDIT swaraa/controllers/default.py: 0
[2013-09-26 18:28:07] EDIT swaraa/views/default/homepage.html: 0
[2013-09-26 18:29:42] EDIT swaraa/views/default/homepage.html: 0
[2013-09-26 18:31:36] EDIT swaraa/views/default/homepage.html: 0
[2013-09-26 18:37:43] EDIT swaraa/views/default/homepage.html: 0
[2013-09-26 18:45:06] EDIT swaraa/views/default/songpage.html: 0
[2013-09-26 18:45:36] EDIT swaraa/views/default/songpage.html: 0
[2013-09-26 18:47:25] EDIT swaraa/views/default/songpage.html: 0
[2013-09-26 18:48:40] EDIT swaraa/views/default/songpage.html: 0
[2013-09-26 18:49:09] EDIT swaraa/views/default/songpage.html: 0
[2013-09-26 18:50:30] EDIT swaraa/views/default/songpage.html: 0
[2013-09-26 18:51:57] EDIT swaraa/views/default/songpage.html: 0
[2013-09-26 18:53:55] EDIT swaraa/controllers/default.py: 2
[2013-09-26 18:58:18] EDIT swaraa/views/default/songpage.html: 0
[2013-09-26 19:12:46] EDIT swaraa/views/default/songpage.html: 0
[2013-09-26 19:12:49] EDIT swaraa/controllers/default.py: 0
[2013-09-26 21:15:33] EDIT swaraa/controllers/default.py: 0
[2013-09-26 21:15:54] EDIT swaraa/controllers/default.py: 0
[2013-09-26 21:18:19] EDIT swaraa/controllers/default.py: -1
[2013-09-26 21:18:22] EDIT swaraa/controllers/default.py: 0
[2013-09-26 21:27:08] EDIT swaraa/controllers/default.py: 0
[2013-09-26 21:33:38] EDIT swaraa/views/default/songpage.html: 0
[2013-09-26 21:35:56] EDIT swaraa/controllers/default.py: -1
[2013-09-26 21:44:38] EDIT swaraa/controllers/default.py: 0
[2013-09-26 21:47:19] EDIT swaraa/controllers/default.py: 8
[2013-09-26 21:47:26] EDIT swaraa/controllers/default.py: 0
[2013-09-26 21:49:27] EDIT swaraa/controllers/default.py: 0
[2013-09-26 21:49:33] EDIT swaraa/controllers/default.py: 0
[2013-09-26 21:50:48] EDIT swaraa/views/default/songpage.html: 22
[2013-09-26 21:51:40] EDIT swaraa/controllers/default.py: 0
[2013-09-26 21:53:48] EDIT swaraa/controllers/default.py: 0
[2013-09-26 21:54:15] EDIT swaraa/controllers/default.py: 0
[2013-09-26 21:54:37] EDIT swaraa/controllers/default.py: 0
[2013-09-26 21:56:10] EDIT swaraa/controllers/default.py: 2
[2013-09-26 21:57:05] EDIT swaraa/controllers/default.py: -4
[2013-09-26 21:57:24] EDIT swaraa/controllers/default.py: 0
[2013-09-26 21:58:14] EDIT swaraa/controllers/default.py: 2
[2013-09-26 21:59:33] EDIT swaraa/controllers/default.py: 0
[2013-09-26 21:59:59] EDIT swaraa/controllers/default.py: 0
[2013-09-26 22:00:10] EDIT swaraa/views/default/homepage.html: 0
[2013-09-26 22:00:40] EDIT swaraa/views/default/songpage.html: 0
[2013-09-26 22:01:09] EDIT swaraa/controllers/default.py: 0
[2013-09-26 22:01:32] EDIT swaraa/controllers/default.py: 0
[2013-09-26 22:02:29] EDIT swaraa/controllers/default.py: 1
[2013-09-26 22:02:34] EDIT swaraa/controllers/default.py: -1
[2013-09-26 22:02:39] EDIT swaraa/controllers/default.py: 1
[2013-09-26 22:02:42] EDIT swaraa/controllers/default.py: -1
[2013-09-26 22:02:47] EDIT swaraa/controllers/default.py: 1
[2013-09-26 22:10:31] EDIT swaraa/controllers/default.py: -10
[2013-09-26 22:10:52] EDIT swaraa/controllers/default.py: 0
[2013-09-26 22:11:17] EDIT swaraa/controllers/default.py: 0
[2013-09-26 22:21:43] EDIT swaraa/controllers/default.py: 0
[2013-09-26 22:21:47] EDIT swaraa/controllers/default.py: 0
[2013-09-26 22:25:12] EDIT swaraa/controllers/default.py: -2
[2013-09-26 22:26:33] EDIT swaraa/controllers/default.py: 0
[2013-09-26 22:26:58] EDIT swaraa/controllers/default.py: 0
[2013-09-26 22:27:26] EDIT swaraa/controllers/default.py: 0
[2013-09-26 22:27:42] EDIT swaraa/controllers/default.py: 0
[2013-09-26 22:27:54] EDIT swaraa/controllers/default.py: 0
[2013-09-26 22:28:49] EDIT swaraa/controllers/default.py: 0
[2013-09-26 22:29:38] EDIT swaraa/controllers/default.py: 0
[2013-09-26 22:30:05] EDIT swaraa/controllers/default.py: 0
[2013-09-26 22:30:14] EDIT swaraa/controllers/default.py: 0
[2013-09-26 22:30:20] EDIT swaraa/controllers/default.py: 0
[2013-09-26 22:48:54] EDIT swaraa/views/default/songpage.html: 0
[2013-09-26 22:51:34] EDIT swaraa/views/default/songpage.html: 0
[2013-09-26 22:57:28] EDIT swaraa/controllers/default.py: 0
[2013-09-26 22:57:33] EDIT swaraa/controllers/default.py: 0
[2013-09-26 22:58:36] EDIT swaraa/views/default/songpage.html: 0
[2013-09-26 23:05:22] EDIT swaraa/controllers/default.py: 0
[2013-09-26 23:06:30] EDIT swaraa/controllers/default.py: 0
[2013-09-26 23:06:56] EDIT swaraa/controllers/default.py: 0
[2013-09-26 23:08:06] EDIT swaraa/controllers/default.py: 0
[2013-09-26 23:09:25] EDIT swaraa/controllers/default.py: 0
[2013-09-26 23:11:34] EDIT swaraa/controllers/default.py: 0
[2013-09-26 23:11:53] EDIT swaraa/controllers/default.py: 0
[2013-09-26 23:13:25] EDIT swaraa/controllers/default.py: 0
[2013-09-26 23:13:55] EDIT swaraa/controllers/default.py: 0
[2013-09-26 23:14:48] EDIT swaraa/controllers/default.py: 0
[2013-09-26 23:15:47] EDIT swaraa/controllers/default.py: 0
[2013-09-26 23:17:28] EDIT swaraa/controllers/default.py: 0
[2013-09-26 23:18:29] EDIT swaraa/controllers/default.py: 0
[2013-09-26 23:20:07] EDIT swaraa/controllers/default.py: 0
[2013-09-26 23:20:11] EDIT swaraa/controllers/default.py: 0
[2013-09-26 23:30:53] EDIT swaraa/controllers/default.py: 1
[2013-09-26 23:30:57] EDIT swaraa/controllers/default.py: 0
[2013-09-26 23:31:23] EDIT swaraa/controllers/default.py: 0
[2013-09-26 23:34:09] EDIT swaraa/controllers/default.py: 0
[2013-09-26 23:34:34] EDIT swaraa/controllers/default.py: 0
[2013-09-26 23:37:24] EDIT swaraa/controllers/default.py: -1
[2013-09-26 23:38:19] EDIT swaraa/views/default/homepage.html: 0
[2013-09-26 23:38:38] EDIT swaraa/views/default/homepage.html: 0
[2013-09-26 23:40:04] EDIT swaraa/controllers/default.py: 0
[2013-09-26 23:40:21] EDIT swaraa/controllers/default.py: 0
[2013-09-26 23:41:21] EDIT swaraa/controllers/default.py: 0
[2013-09-26 23:41:39] EDIT swaraa/controllers/default.py: 0
[2013-09-26 23:41:44] EDIT swaraa/controllers/default.py: 0
[2013-09-26 23:45:30] EDIT swaraa/controllers/default.py: 1
[2013-09-26 23:45:34] EDIT swaraa/controllers/default.py: 0
[2013-09-26 23:47:30] EDIT swaraa/controllers/default.py: 1
[2013-09-26 23:54:35] EDIT swaraa/controllers/default.py: 1
[2013-09-26 23:55:17] EDIT swaraa/controllers/default.py: 1
[2013-09-26 23:55:34] EDIT swaraa/controllers/default.py: 0
[2013-09-26 23:58:48] EDIT swaraa/controllers/default.py: 0
[2013-09-27 00:01:41] EDIT swaraa/controllers/default.py: -1
[2013-09-27 00:02:32] EDIT swaraa/views/default/homepage.html: 0
[2013-09-27 00:04:47] EDIT swaraa/views/default/songpage.html: 0
[2013-09-27 00:06:27] EDIT swaraa/controllers/default.py: 2
[2013-09-27 00:12:33] EDIT swaraa/controllers/default.py: 0
[2013-09-27 00:15:39] EDIT swaraa/controllers/default.py: 0
[2013-09-27 00:18:05] EDIT swaraa/controllers/default.py: 4
[2013-09-27 00:18:31] EDIT swaraa/controllers/default.py: -4
[2013-09-27 00:18:44] EDIT swaraa/controllers/default.py: 0
[2013-09-27 00:19:01] EDIT swaraa/controllers/default.py: 0
[2013-09-27 00:24:11] EDIT swaraa/controllers/default.py: 0
[2013-09-27 00:26:15] EDIT swaraa/controllers/default.py: 0
[2013-09-27 00:26:19] EDIT swaraa/controllers/default.py: 0
[2013-09-27 00:27:38] EDIT swaraa/controllers/default.py: 0
[2013-09-27 00:28:26] EDIT swaraa/controllers/default.py: 0
[2013-09-27 00:29:55] EDIT swaraa/controllers/default.py: 0
[2013-09-27 00:35:32] EDIT swaraa/controllers/default.py: 0
[2013-09-27 00:37:04] EDIT swaraa/controllers/default.py: 0
[2013-09-27 00:37:35] EDIT swaraa/controllers/default.py: 0
[2013-09-27 00:39:07] EDIT swaraa/controllers/default.py: 0
[2013-09-27 00:40:10] EDIT swaraa/views/default/songpage.html: 0
[2013-09-27 00:43:23] EDIT swaraa/views/default/songpage.html: 0
[2013-09-27 00:47:10] EDIT swaraa/controllers/default.py: 0
[2013-09-27 00:47:13] EDIT swaraa/views/default/songpage.html: 0
[2013-09-27 13:15:15] EDIT swaraa/controllers/default.py: 4
[2013-09-27 13:16:17] EDIT swaraa/views/default/songpage.html: 0
[2013-09-27 13:16:36] EDIT swaraa/views/default/songpage.html: 0
[2013-09-27 13:18:04] EDIT swaraa/views/default/songpage.html: 0
[2013-09-27 13:18:36] EDIT swaraa/controllers/default.py: -2
[2013-09-27 13:18:59] EDIT swaraa/controllers/default.py: 2
[2013-09-27 13:19:26] EDIT swaraa/views/default/songpage.html: 0
[2013-09-27 13:19:51] EDIT swaraa/views/default/songpage.html: 0
[2013-09-27 13:21:09] EDIT swaraa/controllers/default.py: 2
[2013-09-27 13:22:38] EDIT swaraa/views/default/songpage.html: 0
[2013-09-27 13:22:51] EDIT swaraa/views/default/songpage.html: 0
[2013-09-27 13:23:21] EDIT swaraa/controllers/default.py: 0
[2013-09-27 13:30:08] EDIT swaraa/controllers/default.py: -2
[2013-09-27 13:30:47] EDIT swaraa/views/default/songpage.html: 0
[2013-09-27 13:31:17] EDIT swaraa/controllers/default.py: 0
[2013-09-27 13:31:43] EDIT swaraa/controllers/default.py: 0
[2013-09-27 13:32:09] EDIT swaraa/controllers/default.py: 0
[2013-09-27 13:32:33] EDIT swaraa/views/default/songpage.html: 0
[2013-09-27 13:33:16] EDIT swaraa/controllers/default.py: 0
[2013-09-27 13:34:23] EDIT swaraa/controllers/default.py: 0
[2013-09-27 13:34:52] EDIT swaraa/controllers/default.py: 0
[2013-09-27 13:37:41] EDIT swaraa/controllers/default.py: 18
[2013-09-27 13:41:22] EDIT swaraa/controllers/default.py: 1
[2013-09-27 13:42:00] EDIT swaraa/controllers/default.py: -1
[2013-09-27 13:43:12] EDIT swaraa/controllers/default.py: 0
[2013-09-27 13:48:42] EDIT swaraa/views/default/songpage.html: 4
[2013-09-27 13:49:37] EDIT swaraa/views/default/songpage.html: 0
[2013-09-27 13:50:36] EDIT swaraa/controllers/default.py: 0
[2013-09-27 13:51:00] EDIT swaraa/views/default/songpage.html: 0
[2013-09-27 13:53:33] EDIT swaraa/controllers/default.py: 0
[2013-09-27 13:54:06] EDIT swaraa/controllers/default.py: 1
[2013-09-27 13:54:19] EDIT swaraa/controllers/default.py: 1
[2013-09-27 14:14:07] EDIT swaraa/controllers/default.py: 4
[2013-09-27 14:15:55] EDIT swaraa/views/default/songpage.html: 2
[2013-09-27 14:17:08] EDIT swaraa/views/default/songpage.html: 0
[2013-09-27 14:21:41] EDIT swaraa/controllers/default.py: 50
[2013-09-27 14:29:47] EDIT swaraa/controllers/default.py: 0
[2013-09-27 14:38:01] EDIT swaraa/views/default/songpage.html: 11
[2013-09-27 14:39:34] EDIT swaraa/views/default/songpage.html: 48
[2013-09-27 14:48:07] EDIT swaraa/controllers/default.py: 5
[2013-09-27 14:52:03] EDIT swaraa/controllers/default.py: 19
[2013-09-27 14:52:35] EDIT swaraa/controllers/default.py: 0
[2013-09-27 14:54:13] EDIT swaraa/views/default/songpage.html: -5
[2013-09-27 14:56:23] EDIT swaraa/views/default/songpage.html: 0
[2013-09-27 14:58:28] EDIT swaraa/views/default/songpage.html: 0
[2013-09-27 14:58:41] EDIT swaraa/controllers/default.py: 0
[2013-09-29 15:26:25] EDIT swaraa/controllers/default.py: 1
[2013-09-29 15:27:47] EDIT swaraa/views/default/songpage.html: 0
[2013-09-29 15:28:43] EDIT swaraa/views/default/songpage.html: 2
[2013-09-29 15:29:23] EDIT swaraa/views/default/songpage.html: 1
[2013-09-29 15:30:25] EDIT swaraa/views/default/songpage.html: 0
[2013-09-29 15:32:25] EDIT swaraa/views/default/songpage.html: 0
[2013-09-29 15:32:47] EDIT swaraa/views/default/songpage.html: 0
[2013-09-29 15:33:42] EDIT swaraa/views/default/songpage.html: 0
[2013-10-02 19:26:43] EDIT swaraa/views/default/homepage.html: 0
[2013-10-02 19:29:23] EDIT swaraa/views/default/homepage.html: 2
[2013-10-02 19:29:54] EDIT swaraa/views/default/homepage.html: 0
[2013-10-02 20:00:23] EDIT swaraa/controllers/default.py: 5
[2013-10-03 09:38:30] EDIT swaraa/models/db.py: -1
[2013-10-03 09:40:28] EDIT swaraa/controllers/default.py: 3
[2013-10-03 09:50:28] EDIT swaraa/controllers/default.py: 5
[2013-10-03 09:50:33] EDIT swaraa/controllers/default.py: 0
[2013-10-03 09:50:59] CREATE default/upload.html: 0
[2013-10-03 09:51:36] EDIT swaraa/views/default/upload.html: 0
[2013-10-04 14:12:52] EDIT swaraa/controllers/default.py: 0
[2013-10-04 14:13:45] EDIT swaraa/controllers/default.py: 1
[2013-10-04 14:15:57] EDIT swaraa/controllers/default.py: 0
[2013-10-04 14:16:29] EDIT swaraa/controllers/default.py: -1
[2013-10-04 14:16:31] EDIT swaraa/controllers/default.py: 0
[2013-10-04 14:18:55] EDIT swaraa/controllers/default.py: 1
[2013-10-04 14:19:37] EDIT swaraa/controllers/default.py: 0
[2013-10-04 14:20:02] EDIT swaraa/controllers/default.py: 0
[2013-10-04 14:21:39] EDIT swaraa/controllers/default.py: 0
[2013-10-04 14:22:41] EDIT swaraa/controllers/default.py: 0
[2013-10-04 14:23:26] EDIT swaraa/controllers/default.py: 0
[2013-10-04 14:24:27] EDIT swaraa/controllers/default.py: 0
[2013-10-04 14:25:25] EDIT swaraa/controllers/default.py: 0
[2013-10-04 14:27:50] EDIT swaraa/controllers/default.py: -6
[2013-10-04 14:41:34] EDIT swaraa/controllers/default.py: 9
[2013-10-04 14:41:37] EDIT swaraa/controllers/default.py: 0
[2013-10-04 14:49:33] EDIT swaraa/controllers/default.py: 0
[2013-10-04 14:51:09] EDIT swaraa/controllers/default.py: 1
[2013-10-04 14:52:45] EDIT swaraa/controllers/default.py: 0
[2013-10-04 20:18:37] EDIT swaraa/controllers/default.py: 5
[2013-10-04 20:19:32] EDIT swaraa/controllers/default.py: -10
[2013-10-04 20:19:55] EDIT swaraa/controllers/default.py: -2
[2013-10-04 20:20:51] EDIT swaraa/models/db.py: 0
[2013-10-06 15:20:04] EDIT swaraa/controllers/default.py: 0
[2013-10-06 15:26:30] EDIT swaraa/controllers/default.py: 1
[2013-10-06 15:27:07] EDIT swaraa/controllers/default.py: 0
[2013-10-06 15:29:32] EDIT swaraa/controllers/default.py: 0
[2013-10-06 15:32:12] EDIT swaraa/views/default/songpage.html: 0
[2013-10-06 15:32:14] EDIT swaraa/views/default/songpage.html: 0
[2013-10-06 15:33:39] EDIT swaraa/controllers/default.py: 0
[2013-10-06 15:37:21] EDIT swaraa/controllers/default.py: 0
[2013-10-06 15:38:18] EDIT swaraa/controllers/default.py: 0
[2013-10-06 15:38:57] EDIT swaraa/controllers/default.py: 0
[2013-10-06 15:39:31] EDIT swaraa/controllers/default.py: 2
[2013-10-06 15:41:32] EDIT swaraa/views/default/songpage.html: 0
[2013-10-06 16:04:04] EDIT swaraa/controllers/default.py: 2
[2013-10-06 16:05:42] EDIT swaraa/controllers/default.py: 1
[2013-10-06 16:05:50] EDIT swaraa/controllers/default.py: 0
[2013-10-06 16:05:52] EDIT swaraa/controllers/default.py: 0
[2013-10-06 16:08:17] EDIT swaraa/controllers/default.py: 1
[2013-10-06 16:09:47] EDIT swaraa/controllers/default.py: 0
[2013-10-06 16:10:18] EDIT swaraa/controllers/default.py: 0
[2013-10-06 16:16:36] EDIT swaraa/controllers/default.py: 0
[2013-10-06 16:21:22] EDIT swaraa/controllers/default.py: 2
[2013-10-06 16:21:48] EDIT swaraa/controllers/default.py: 1
[2013-10-06 16:22:46] EDIT swaraa/controllers/default.py: -1
[2013-10-06 16:25:35] EDIT swaraa/controllers/default.py: 3
[2013-10-06 16:29:26] EDIT swaraa/controllers/default.py: -2
[2013-10-06 16:30:44] EDIT swaraa/models/db.py: 0
[2013-10-06 16:31:45] EDIT swaraa/models/db.py: 0
[2013-10-08 12:08:21] EDIT swaraa/views/default/homepage.html: 0
[2013-10-08 12:09:01] EDIT swaraa/views/default/homepage.html: 0
[2013-10-08 12:09:04] EDIT swaraa/views/default/homepage.html: 0
[2013-10-08 12:10:01] EDIT swaraa/views/default/homepage.html: 0
[2013-10-08 12:10:16] EDIT swaraa/views/default/homepage.html: 0
[2013-10-08 12:11:01] EDIT swaraa/views/default/homepage.html: 0
[2013-10-08 12:11:36] EDIT swaraa/views/default/homepage.html: 0
[2013-10-08 12:11:56] EDIT swaraa/views/default/homepage.html: 0
